[DEBUG] Apply dependencies of \phpbb\db\migration\data\v30x\release_3_0_4_rc1.
[DEBUG] Apply dependencies of \phpbb\db\migration\data\v30x\release_3_0_3.
[DEBUG] Apply dependencies of \phpbb\db\migration\data\v30x\release_3_0_3_rc1.
[DEBUG] Apply dependencies of \phpbb\db\migration\data\v30x\release_3_0_2.
[DEBUG] Apply dependencies of \phpbb\db\migration\data\v30x\release_3_0_2_rc2.
[DEBUG] Apply dependencies of \phpbb\db\migration\data\v30x\release_3_0_2_rc1.
[DEBUG] Apply dependencies of \phpbb\db\migration\data\v30x\release_3_0_1.
[DEBUG] Apply dependencies of \phpbb\db\migration\data\v30x\release_3_0_1_rc1.
[DEBUG] Migration already effectively installed (skipped): \phpbb\db\migration\data\v30x\release_3_0_0
[DEBUG] Apply dependencies of \phpbb\db\migration\data\v30x\release_3_0_4_rc1.
[DEBUG] Apply dependencies of \phpbb\db\migration\data\v30x\release_3_0_3.
[DEBUG] Apply dependencies of \phpbb\db\migration\data\v30x\release_3_0_3_rc1.
[DEBUG] Apply dependencies of \phpbb\db\migration\data\v30x\release_3_0_2.
[DEBUG] Apply dependencies of \phpbb\db\migration\data\v30x\release_3_0_2_rc2.
[DEBUG] Apply dependencies of \phpbb\db\migration\data\v30x\release_3_0_2_rc1.
[DEBUG] Apply dependencies of \phpbb\db\migration\data\v30x\release_3_0_1.
[DEBUG] Apply dependencies of \phpbb\db\migration\data\v30x\release_3_0_1_rc1.
[DEBUG] Migration already effectively installed (skipped): \phpbb\db\migration\data\v30x\release_3_0_1_rc1
[DEBUG] Apply dependencies of \phpbb\db\migration\data\v30x\release_3_0_4_rc1.
[DEBUG] Apply dependencies of \phpbb\db\migration\data\v30x\release_3_0_3.
[DEBUG] Apply dependencies of \phpbb\db\migration\data\v30x\release_3_0_3_rc1.
[DEBUG] Apply dependencies of \phpbb\db\migration\data\v30x\release_3_0_2.
[DEBUG] Apply dependencies of \phpbb\db\migration\data\v30x\release_3_0_2_rc2.
[DEBUG] Apply dependencies of \phpbb\db\migration\data\v30x\release_3_0_2_rc1.
[DEBUG] Apply dependencies of \phpbb\db\migration\data\v30x\release_3_0_1.
[DEBUG] Migration already effectively installed (skipped): \phpbb\db\migration\data\v30x\release_3_0_1
[DEBUG] Apply dependencies of \phpbb\db\migration\data\v30x\release_3_0_4_rc1.
[DEBUG] Apply dependencies of \phpbb\db\migration\data\v30x\release_3_0_3.
[DEBUG] Apply dependencies of \phpbb\db\migration\data\v30x\release_3_0_3_rc1.
[DEBUG] Apply dependencies of \phpbb\db\migration\data\v30x\release_3_0_2.
[DEBUG] Apply dependencies of \phpbb\db\migration\data\v30x\release_3_0_2_rc2.
[DEBUG] Apply dependencies of \phpbb\db\migration\data\v30x\release_3_0_2_rc1.
[DEBUG] Migration already effectively installed (skipped): \phpbb\db\migration\data\v30x\release_3_0_2_rc1
[DEBUG] Apply dependencies of \phpbb\db\migration\data\v30x\release_3_0_4_rc1.
[DEBUG] Apply dependencies of \phpbb\db\migration\data\v30x\release_3_0_3.
[DEBUG] Apply dependencies of \phpbb\db\migration\data\v30x\release_3_0_3_rc1.
[DEBUG] Apply dependencies of \phpbb\db\migration\data\v30x\release_3_0_2.
[DEBUG] Apply dependencies of \phpbb\db\migration\data\v30x\release_3_0_2_rc2.
[DEBUG] Migration already effectively installed (skipped): \phpbb\db\migration\data\v30x\release_3_0_2_rc2
[DEBUG] Apply dependencies of \phpbb\db\migration\data\v30x\release_3_0_4_rc1.
[DEBUG] Apply dependencies of \phpbb\db\migration\data\v30x\release_3_0_3.
[DEBUG] Apply dependencies of \phpbb\db\migration\data\v30x\release_3_0_3_rc1.
[DEBUG] Apply dependencies of \phpbb\db\migration\data\v30x\release_3_0_2.
[DEBUG] Migration already effectively installed (skipped): \phpbb\db\migration\data\v30x\release_3_0_2
[DEBUG] Apply dependencies of \phpbb\db\migration\data\v30x\release_3_0_4_rc1.
[DEBUG] Apply dependencies of \phpbb\db\migration\data\v30x\release_3_0_3.
[DEBUG] Apply dependencies of \phpbb\db\migration\data\v30x\release_3_0_3_rc1.
[DEBUG] Migration already effectively installed (skipped): \phpbb\db\migration\data\v30x\release_3_0_3_rc1
[DEBUG] Apply dependencies of \phpbb\db\migration\data\v30x\release_3_0_4_rc1.
[DEBUG] Apply dependencies of \phpbb\db\migration\data\v30x\release_3_0_3.
[DEBUG] Migration already effectively installed (skipped): \phpbb\db\migration\data\v30x\release_3_0_3
[DEBUG] Apply dependencies of \phpbb\db\migration\data\v30x\release_3_0_4_rc1.
[DEBUG] Migration already effectively installed (skipped): \phpbb\db\migration\data\v30x\release_3_0_4_rc1
[DEBUG] Migration already effectively installed (skipped): \phpbb\db\migration\data\v30x\release_3_0_4_rc1
[DEBUG] Migration already effectively installed (skipped): \phpbb\db\migration\data\v30x\release_3_0_0
[DEBUG] Migration already effectively installed (skipped): \phpbb\db\migration\data\v30x\release_3_0_2_rc1
[DEBUG] Apply dependencies of \phpbb\db\migration\data\v30x\release_3_0_6_rc4.
[DEBUG] Apply dependencies of \phpbb\db\migration\data\v30x\release_3_0_6_rc3.
[DEBUG] Apply dependencies of \phpbb\db\migration\data\v30x\release_3_0_6_rc2.
[DEBUG] Apply dependencies of \phpbb\db\migration\data\v30x\release_3_0_6_rc1.
[DEBUG] Apply dependencies of \phpbb\db\migration\data\v30x\release_3_0_5.
[DEBUG] Apply dependencies of \phpbb\db\migration\data\v30x\release_3_0_5_rc1part2.
[DEBUG] Apply dependencies of \phpbb\db\migration\data\v30x\release_3_0_5_rc1.
[DEBUG] Apply dependencies of \phpbb\db\migration\data\v30x\release_3_0_4.
[DEBUG] Migration already effectively installed (skipped): \phpbb\db\migration\data\v30x\release_3_0_4
[DEBUG] Migration already effectively installed (skipped): \phpbb\db\migration\data\v30x\release_3_0_4_rc1
[DEBUG] Migration already effectively installed (skipped): \phpbb\db\migration\data\v30x\release_3_0_0
[DEBUG] Migration already effectively installed (skipped): \phpbb\db\migration\data\v30x\release_3_0_2_rc1
[DEBUG] Apply dependencies of \phpbb\db\migration\data\v30x\release_3_0_6_rc4.
[DEBUG] Apply dependencies of \phpbb\db\migration\data\v30x\release_3_0_6_rc3.
[DEBUG] Apply dependencies of \phpbb\db\migration\data\v30x\release_3_0_6_rc2.
[DEBUG] Apply dependencies of \phpbb\db\migration\data\v30x\release_3_0_6_rc1.
[DEBUG] Apply dependencies of \phpbb\db\migration\data\v30x\release_3_0_5.
[DEBUG] Apply dependencies of \phpbb\db\migration\data\v30x\release_3_0_5_rc1part2.
[DEBUG] Apply dependencies of \phpbb\db\migration\data\v30x\release_3_0_5_rc1.
[DEBUG] Installing Schema: \phpbb\db\migration\data\v30x\release_3_0_5_rc1.
[INFO] Installed Schema: \phpbb\db\migration\data\v30x\release_3_0_5_rc1; Time: 0.02 seconds
[DEBUG] Migration already effectively installed (skipped): \phpbb\db\migration\data\v30x\release_3_0_4_rc1
[DEBUG] Migration already effectively installed (skipped): \phpbb\db\migration\data\v30x\release_3_0_0
[DEBUG] Migration already effectively installed (skipped): \phpbb\db\migration\data\v30x\release_3_0_2_rc1
[DEBUG] Apply dependencies of \phpbb\db\migration\data\v30x\release_3_0_6_rc4.
[DEBUG] Apply dependencies of \phpbb\db\migration\data\v30x\release_3_0_6_rc3.
[DEBUG] Apply dependencies of \phpbb\db\migration\data\v30x\release_3_0_6_rc2.
[DEBUG] Apply dependencies of \phpbb\db\migration\data\v30x\release_3_0_6_rc1.
[DEBUG] Apply dependencies of \phpbb\db\migration\data\v30x\release_3_0_5.
[DEBUG] Apply dependencies of \phpbb\db\migration\data\v30x\release_3_0_5_rc1part2.
[DEBUG] Apply dependencies of \phpbb\db\migration\data\v30x\release_3_0_5_rc1.
[DEBUG] Installing Data: \phpbb\db\migration\data\v30x\release_3_0_5_rc1.
[INFO] Installed Data: \phpbb\db\migration\data\v30x\release_3_0_5_rc1; Time: 0.47 seconds
[DEBUG] Migration already effectively installed (skipped): \phpbb\db\migration\data\v30x\release_3_0_4_rc1
[DEBUG] Migration already effectively installed (skipped): \phpbb\db\migration\data\v30x\release_3_0_0
[DEBUG] Migration already effectively installed (skipped): \phpbb\db\migration\data\v30x\release_3_0_2_rc1
[DEBUG] Apply dependencies of \phpbb\db\migration\data\v30x\release_3_0_6_rc4.
[DEBUG] Apply dependencies of \phpbb\db\migration\data\v30x\release_3_0_6_rc3.
[DEBUG] Apply dependencies of \phpbb\db\migration\data\v30x\release_3_0_6_rc2.
[DEBUG] Apply dependencies of \phpbb\db\migration\data\v30x\release_3_0_6_rc1.
[DEBUG] Apply dependencies of \phpbb\db\migration\data\v30x\release_3_0_5.
[DEBUG] Apply dependencies of \phpbb\db\migration\data\v30x\release_3_0_5_rc1part2.
[DEBUG] Installing Schema: \phpbb\db\migration\data\v30x\release_3_0_5_rc1part2.
[INFO] Installed Schema: \phpbb\db\migration\data\v30x\release_3_0_5_rc1part2; Time: 0.03 seconds
[DEBUG] Migration already effectively installed (skipped): \phpbb\db\migration\data\v30x\release_3_0_4_rc1
[DEBUG] Migration already effectively installed (skipped): \phpbb\db\migration\data\v30x\release_3_0_0
[DEBUG] Migration already effectively installed (skipped): \phpbb\db\migration\data\v30x\release_3_0_2_rc1
[DEBUG] Apply dependencies of \phpbb\db\migration\data\v30x\release_3_0_6_rc4.
[DEBUG] Apply dependencies of \phpbb\db\migration\data\v30x\release_3_0_6_rc3.
[DEBUG] Apply dependencies of \phpbb\db\migration\data\v30x\release_3_0_6_rc2.
[DEBUG] Apply dependencies of \phpbb\db\migration\data\v30x\release_3_0_6_rc1.
[DEBUG] Apply dependencies of \phpbb\db\migration\data\v30x\release_3_0_5.
[DEBUG] Apply dependencies of \phpbb\db\migration\data\v30x\release_3_0_5_rc1part2.
[DEBUG] Installing Data: \phpbb\db\migration\data\v30x\release_3_0_5_rc1part2.
[INFO] Installed Data: \phpbb\db\migration\data\v30x\release_3_0_5_rc1part2; Time: 0.00 seconds
[DEBUG] Migration already effectively installed (skipped): \phpbb\db\migration\data\v30x\release_3_0_4_rc1
[DEBUG] Migration already effectively installed (skipped): \phpbb\db\migration\data\v30x\release_3_0_0
[DEBUG] Migration already effectively installed (skipped): \phpbb\db\migration\data\v30x\release_3_0_2_rc1
[DEBUG] Apply dependencies of \phpbb\db\migration\data\v30x\release_3_0_6_rc4.
[DEBUG] Apply dependencies of \phpbb\db\migration\data\v30x\release_3_0_6_rc3.
[DEBUG] Apply dependencies of \phpbb\db\migration\data\v30x\release_3_0_6_rc2.
[DEBUG] Apply dependencies of \phpbb\db\migration\data\v30x\release_3_0_6_rc1.
[DEBUG] Apply dependencies of \phpbb\db\migration\data\v30x\release_3_0_5.
[DEBUG] Installing Schema: \phpbb\db\migration\data\v30x\release_3_0_5.
[INFO] Installed Schema: \phpbb\db\migration\data\v30x\release_3_0_5; Time: 0.00 seconds
[DEBUG] Migration already effectively installed (skipped): \phpbb\db\migration\data\v30x\release_3_0_4_rc1
[DEBUG] Migration already effectively installed (skipped): \phpbb\db\migration\data\v30x\release_3_0_0
[DEBUG] Migration already effectively installed (skipped): \phpbb\db\migration\data\v30x\release_3_0_2_rc1
[DEBUG] Apply dependencies of \phpbb\db\migration\data\v30x\release_3_0_6_rc4.
[DEBUG] Apply dependencies of \phpbb\db\migration\data\v30x\release_3_0_6_rc3.
[DEBUG] Apply dependencies of \phpbb\db\migration\data\v30x\release_3_0_6_rc2.
[DEBUG] Apply dependencies of \phpbb\db\migration\data\v30x\release_3_0_6_rc1.
[DEBUG] Apply dependencies of \phpbb\db\migration\data\v30x\release_3_0_5.
[DEBUG] Installing Data: \phpbb\db\migration\data\v30x\release_3_0_5.
[INFO] Installed Data: \phpbb\db\migration\data\v30x\release_3_0_5; Time: 0.00 seconds
[DEBUG] Migration already effectively installed (skipped): \phpbb\db\migration\data\v30x\release_3_0_4_rc1
[DEBUG] Migration already effectively installed (skipped): \phpbb\db\migration\data\v30x\release_3_0_0
[DEBUG] Migration already effectively installed (skipped): \phpbb\db\migration\data\v30x\release_3_0_2_rc1
[DEBUG] Apply dependencies of \phpbb\db\migration\data\v30x\release_3_0_6_rc4.
[DEBUG] Apply dependencies of \phpbb\db\migration\data\v30x\release_3_0_6_rc3.
[DEBUG] Apply dependencies of \phpbb\db\migration\data\v30x\release_3_0_6_rc2.
[DEBUG] Apply dependencies of \phpbb\db\migration\data\v30x\release_3_0_6_rc1.
[DEBUG] Installing Schema: \phpbb\db\migration\data\v30x\release_3_0_6_rc1.
[INFO] Installed Schema: \phpbb\db\migration\data\v30x\release_3_0_6_rc1; Time: 36.61 seconds
